<?xml version="1.0" encoding="UTF-8"?>
<!-- Generated by org.testng.reporters.JUnitReportReporter -->
<testsuite hostname="DINESHMURUGAIN" failures="0" tests="1" name="Non_BDD_style.Delete_Non_BDD_Style" time="3.046" errors="1" timestamp="2024-08-23T18:15:57 IST" skipped="0">
  <testcase classname="Non_BDD_style.Delete_Non_BDD_Style" name="getmethod" time="3.046">
    <error message="Use bracket notion [&#039;my prop&#039;] if your property contains blank characters. position: 4" type="com.jayway.jsonpath.InvalidPathException">
      <![CDATA[com.jayway.jsonpath.InvalidPathException: Use bracket notion ['my prop'] if your property contains blank characters. position: 4
at com.jayway.jsonpath.internal.path.PathCompiler.readPropertyOrFunctionToken(PathCompiler.java:194)
at com.jayway.jsonpath.internal.path.PathCompiler.readNextToken(PathCompiler.java:153)
at com.jayway.jsonpath.internal.path.PathCompiler.readDotToken(PathCompiler.java:175)
at com.jayway.jsonpath.internal.path.PathCompiler.readNextToken(PathCompiler.java:143)
at com.jayway.jsonpath.internal.path.PathCompiler.readWildCardToken(PathCompiler.java:515)
at com.jayway.jsonpath.internal.path.PathCompiler.readNextToken(PathCompiler.java:148)
at com.jayway.jsonpath.internal.path.PathCompiler.readDotToken(PathCompiler.java:175)
at com.jayway.jsonpath.internal.path.PathCompiler.readNextToken(PathCompiler.java:143)
at com.jayway.jsonpath.internal.path.PathCompiler.readContextToken(PathCompiler.java:123)
at com.jayway.jsonpath.internal.path.PathCompiler.compile(PathCompiler.java:58)
at com.jayway.jsonpath.internal.path.PathCompiler.compile(PathCompiler.java:75)
at com.jayway.jsonpath.JsonPath.<init>(JsonPath.java:97)
at com.jayway.jsonpath.JsonPath.compile(JsonPath.java:515)
at com.jayway.jsonpath.internal.JsonContext.pathFromCache(JsonContext.java:222)
at com.jayway.jsonpath.internal.JsonContext.read(JsonContext.java:77)
at Non_BDD_style.Delete_Non_BDD_Style.getmethod(Delete_Non_BDD_Style.java:35)
at java.base/jdk.internal.reflect.DirectMethodHandleAccessor.invoke(DirectMethodHandleAccessor.java:103)
at java.base/java.lang.reflect.Method.invoke(Method.java:580)
at org.testng.internal.invokers.MethodInvocationHelper.invokeMethod(MethodInvocationHelper.java:139)
at org.testng.internal.invokers.TestInvoker.invokeMethod(TestInvoker.java:677)
at org.testng.internal.invokers.TestInvoker.invokeTestMethod(TestInvoker.java:221)
at org.testng.internal.invokers.MethodRunner.runInSequence(MethodRunner.java:50)
at org.testng.internal.invokers.TestInvoker$MethodInvocationAgent.invoke(TestInvoker.java:962)
at org.testng.internal.invokers.TestInvoker.invokeTestMethods(TestInvoker.java:194)
at org.testng.internal.invokers.TestMethodWorker.invokeTestMethods(TestMethodWorker.java:148)
at org.testng.internal.invokers.TestMethodWorker.run(TestMethodWorker.java:128)
at java.base/java.util.ArrayList.forEach(ArrayList.java:1596)
at org.testng.TestRunner.privateRun(TestRunner.java:806)
at org.testng.TestRunner.run(TestRunner.java:601)
at org.testng.SuiteRunner.runTest(SuiteRunner.java:433)
at org.testng.SuiteRunner.runSequentially(SuiteRunner.java:427)
at org.testng.SuiteRunner.privateRun(SuiteRunner.java:387)
at org.testng.SuiteRunner.run(SuiteRunner.java:330)
at org.testng.SuiteRunnerWorker.runSuite(SuiteRunnerWorker.java:52)
at org.testng.SuiteRunnerWorker.run(SuiteRunnerWorker.java:95)
at org.testng.TestNG.runSuitesSequentially(TestNG.java:1256)
at org.testng.TestNG.runSuitesLocally(TestNG.java:1176)
at org.testng.TestNG.runSuites(TestNG.java:1099)
at org.testng.TestNG.run(TestNG.java:1067)
at org.testng.remote.AbstractRemoteTestNG.run(AbstractRemoteTestNG.java:115)
at org.testng.remote.RemoteTestNG.initAndRun(RemoteTestNG.java:293)
at org.testng.remote.RemoteTestNG.main(RemoteTestNG.java:91)
]]>
    </error>
  </testcase> <!-- getmethod -->
  <system-out/>
</testsuite> <!-- Non_BDD_style.Delete_Non_BDD_Style -->
